<?xml version="1.0" encoding="UTF-8" ?>
<testsuite failures="2" time="30.15" errors="0" skipped="8" tests="18" name="fundtransfer.test.RunCukesTest">
  <properties>
[...]
</properties>
  <testcase time="0.002" classname="Given the user is on Fund Transfer Page   " name="Given the user is on Fund Transfer Page   "/>
  <testcase time="0" classname="When he enters \&quot;Jim\&quot; as payee name    " name="When he enters \&quot;Jim\&quot; as payee name    "/>
  <testcase time="0" classname="And he enters \&quot;100\&quot; as amount     " name="And he enters \&quot;100\&quot; as amount     "/>
  <testcase time="0" classname="And he Submits request for Fund Transfer      " name="And he Submits request for Fund Transfer      "/>
  <testcase time="0.003" classname="Then ensure the fund transfer is complete with \&quot;$100 transferred successfully to Jim!\&quot; message       " name="Then ensure the fund transfer is complete with \&quot;$100 transferred successfully to Jim!\&quot; message       ">
    <skipped/>
  </testcase>
  <testcase time="0.003" classname="Scenario: Valid Payee  " name="Scenario: Valid Payee  ">
    <skipped/>
  </testcase>
  <testcase time="0" classname="Given the user is on Fund Transfer Page         " name="Given the user is on Fund Transfer Page         "/>
  <testcase time="0" classname="When he enters \&quot;Jack\&quot; as payee name          " name="When he enters \&quot;Jack\&quot; as payee name          "/>
  <testcase time="0" classname="And he enters \&quot;100\&quot; as amount           " name="And he enters \&quot;100\&quot; as amount           "/>
  <testcase time="0" classname="And he Submits request for Fund Transfer            " name="And he Submits request for Fund Transfer            "/>
  <testcase time="0.014" classname="Then ensure a transaction failure message \&quot;Transfer failed!! \&apos;Jack\&apos; is not registered in your List of Payees\&quot; is displayed             " name="Then ensure a transaction failure message \&quot;Transfer failed!! \&apos;Jack\&apos; is not registered in your List of Payees\&quot; is displayed             ">
    <failure message="expected:&lt;[]&gt; but was:&lt;[Transfer failed!! &apos;Jack&apos; is not registered in your List of Payees]&gt;" type="org.junit.ComparisonFailure">org.junit.ComparisonFailure: expected:&lt;[]&gt; but was:&lt;[Transfer failed!! &apos;Jack&apos; is not registered in your List of Payees]&gt;
	at org.junit.Assert.assertEquals(Assert.java:125)
	at org.junit.Assert.assertEquals(Assert.java:147)
	at fundtransfer.test.FundTransferStepDefs.Ensure_a_transaction_failure_message(FundTransferStepDefs.java:50)
	at ✽.Then ensure a transaction failure message &quot;Transfer failed!! &apos;Jack&apos; is not registered in your List of Payees&quot; is displayed(fundtransfer/test/fundtransfer.feature:18)
</failure>
    <system-out>&amp;#27;[1A    &amp;#27;[32mAnd &amp;#27;[0m&amp;#27;[32mhe Submits request for Fund Transfer&amp;#27;[0m                                                                                   &amp;#27;[90m# FundTransferStepDefs.He_submits_request_for_fund_transfer()&amp;#27;[0m
    &amp;#27;[90mThen &amp;#27;[0m&amp;#27;[90mensure a transaction failure message &quot;&amp;#27;[0m&amp;#27;[90m&amp;#27;[1mTransfer failed!! &apos;Jack&apos; is not registered in your List of Payees&amp;#27;[0m&amp;#27;[90m&quot; is displayed&amp;#27;[0m &amp;#27;[90m# FundTransferStepDefs.Ensure_a_transaction_failure_message(String)&amp;#27;[0m
</system-out>
  </testcase>
  <testcase time="0.014" classname="Scenario: Invalid Payee        " name="Scenario: Invalid Payee        ">
    <failure message="expected:&lt;[]&gt; but was:&lt;[Transfer failed!! &apos;Jack&apos; is not registered in your List of Payees]&gt;" type="org.junit.ComparisonFailure">org.junit.ComparisonFailure: expected:&lt;[]&gt; but was:&lt;[Transfer failed!! &apos;Jack&apos; is not registered in your List of Payees]&gt;
	at org.junit.Assert.assertEquals(Assert.java:125)
	at org.junit.Assert.assertEquals(Assert.java:147)
	at fundtransfer.test.FundTransferStepDefs.Ensure_a_transaction_failure_message(FundTransferStepDefs.java:50)
	at ✽.Then ensure a transaction failure message &quot;Transfer failed!! &apos;Jack&apos; is not registered in your List of Payees&quot; is displayed(fundtransfer/test/fundtransfer.feature:18)
</failure>
  </testcase>
  <testcase time="3.984" classname="Given the user is on the Fund Transfer Page               " name="Given the user is on the Fund Transfer Page               ">
    <skipped/>
  </testcase>
  <testcase time="4.005" classname="When he enters \&quot;Tim\&quot; as payee name                " name="When he enters \&quot;Tim\&quot; as payee name                ">
    <skipped/>
  </testcase>
  <testcase time="4.006" classname="And he enters \&quot;10000000\&quot; as amount                 " name="And he enters \&quot;10000000\&quot; as amount                 ">
    <skipped/>
  </testcase>
  <testcase time="4.01" classname="And he Submits request for Fund Transfer                  " name="And he Submits request for Fund Transfer                  ">
    <skipped/>
  </testcase>
  <testcase time="4.012" classname="Then ensure a transaction failure message \&quot;Transfer failed!! account cannot be overdrawn\&quot; is displayed                   " name="Then ensure a transaction failure message \&quot;Transfer failed!! account cannot be overdrawn\&quot; is displayed                   ">
    <skipped/>
  </testcase>
  <testcase time="4.013" classname="Scenario: Account is overdrawn past the overdraft limit              " name="Scenario: Account is overdrawn past the overdraft limit              ">
    <skipped/>
  </testcase>
</testsuite>